[2024-01-31T19:36:16.221Z] Log level: Info
[2024-01-31T19:36:16.225Z] [info] Validating found git in: git
[2024-01-31T19:36:16.246Z] [info] Using git 2.25.1 from git
[2024-01-31T19:36:16.260Z] > git rev-parse --show-toplevel [3ms]
[2024-01-31T19:36:16.260Z] fatal: not a git repository (or any parent up to mount point /home)
Stopping at filesystem boundary (GIT_DISCOVERY_ACROSS_FILESYSTEM not set).
[2024-01-31T19:36:16.268Z] > git rev-parse --show-toplevel [2ms]
[2024-01-31T19:36:16.268Z] fatal: not a git repository (or any parent up to mount point /home)
Stopping at filesystem boundary (GIT_DISCOVERY_ACROSS_FILESYSTEM not set).
[2024-01-31T19:36:16.274Z] > git rev-parse --show-toplevel [3ms]
[2024-01-31T19:36:16.274Z] fatal: not a git repository (or any parent up to mount point /home)
Stopping at filesystem boundary (GIT_DISCOVERY_ACROSS_FILESYSTEM not set).
[2024-01-31T19:36:16.280Z] > git rev-parse --show-toplevel [2ms]
[2024-01-31T19:36:16.280Z] fatal: not a git repository (or any parent up to mount point /home)
Stopping at filesystem boundary (GIT_DISCOVERY_ACROSS_FILESYSTEM not set).
[2024-01-31T19:36:16.369Z] > git rev-parse --show-toplevel [50ms]
[2024-01-31T19:36:16.369Z] fatal: not a git repository (or any parent up to mount point /home)
Stopping at filesystem boundary (GIT_DISCOVERY_ACROSS_FILESYSTEM not set).
[2024-01-31T19:36:16.376Z] > git rev-parse --show-toplevel [3ms]
[2024-01-31T19:36:16.376Z] fatal: not a git repository (or any parent up to mount point /home)
Stopping at filesystem boundary (GIT_DISCOVERY_ACROSS_FILESYSTEM not set).
[2024-01-31T19:36:16.382Z] > git rev-parse --show-toplevel [3ms]
[2024-01-31T19:36:16.382Z] fatal: not a git repository (or any parent up to mount point /home)
Stopping at filesystem boundary (GIT_DISCOVERY_ACROSS_FILESYSTEM not set).
[2024-01-31T19:36:16.387Z] > git rev-parse --show-toplevel [2ms]
[2024-01-31T19:36:16.387Z] fatal: not a git repository (or any parent up to mount point /home)
Stopping at filesystem boundary (GIT_DISCOVERY_ACROSS_FILESYSTEM not set).
[2024-01-31T19:36:17.327Z] > git rev-parse --show-toplevel [11ms]
[2024-01-31T19:36:17.327Z] fatal: not a git repository (or any parent up to mount point /home)
Stopping at filesystem boundary (GIT_DISCOVERY_ACROSS_FILESYSTEM not set).
