[2024-02-03T21:53:51.347Z] Log level: Info
[2024-02-03T21:53:51.352Z] [info] Validating found git in: git
[2024-02-03T21:53:51.376Z] [info] Using git 2.25.1 from git
[2024-02-03T21:53:51.392Z] > git rev-parse --show-toplevel [4ms]
[2024-02-03T21:53:51.392Z] fatal: not a git repository (or any parent up to mount point /home)
Stopping at filesystem boundary (GIT_DISCOVERY_ACROSS_FILESYSTEM not set).
[2024-02-03T21:53:51.402Z] > git rev-parse --show-toplevel [4ms]
[2024-02-03T21:53:51.402Z] fatal: not a git repository (or any parent up to mount point /home)
Stopping at filesystem boundary (GIT_DISCOVERY_ACROSS_FILESYSTEM not set).
[2024-02-03T21:53:51.409Z] > git rev-parse --show-toplevel [4ms]
[2024-02-03T21:53:51.409Z] fatal: not a git repository (or any parent up to mount point /home)
Stopping at filesystem boundary (GIT_DISCOVERY_ACROSS_FILESYSTEM not set).
[2024-02-03T21:53:51.418Z] > git rev-parse --show-toplevel [5ms]
[2024-02-03T21:53:51.418Z] fatal: not a git repository (or any parent up to mount point /home)
Stopping at filesystem boundary (GIT_DISCOVERY_ACROSS_FILESYSTEM not set).
[2024-02-03T21:53:51.426Z] > git rev-parse --show-toplevel [4ms]
[2024-02-03T21:53:51.426Z] fatal: not a git repository (or any parent up to mount point /home)
Stopping at filesystem boundary (GIT_DISCOVERY_ACROSS_FILESYSTEM not set).
[2024-02-03T21:53:51.436Z] > git rev-parse --show-toplevel [6ms]
[2024-02-03T21:53:51.436Z] fatal: not a git repository (or any parent up to mount point /home)
Stopping at filesystem boundary (GIT_DISCOVERY_ACROSS_FILESYSTEM not set).
[2024-02-03T21:53:51.443Z] > git rev-parse --show-toplevel [4ms]
[2024-02-03T21:53:51.443Z] fatal: not a git repository (or any parent up to mount point /home)
Stopping at filesystem boundary (GIT_DISCOVERY_ACROSS_FILESYSTEM not set).
[2024-02-03T21:53:52.502Z] > git rev-parse --show-toplevel [2ms]
[2024-02-03T21:53:52.502Z] fatal: not a git repository (or any parent up to mount point /home)
Stopping at filesystem boundary (GIT_DISCOVERY_ACROSS_FILESYSTEM not set).
[2024-02-03T21:53:59.227Z] > git rev-parse --show-toplevel [2ms]
[2024-02-03T21:53:59.227Z] fatal: not a git repository (or any parent up to mount point /home)
Stopping at filesystem boundary (GIT_DISCOVERY_ACROSS_FILESYSTEM not set).
[2024-02-03T21:54:02.747Z] > git rev-parse --show-toplevel [2ms]
[2024-02-03T21:54:02.747Z] fatal: not a git repository (or any parent up to mount point /home)
Stopping at filesystem boundary (GIT_DISCOVERY_ACROSS_FILESYSTEM not set).
[2024-02-03T21:54:04.918Z] > git rev-parse --show-toplevel [3ms]
[2024-02-03T21:54:04.918Z] fatal: not a git repository (or any parent up to mount point /home)
Stopping at filesystem boundary (GIT_DISCOVERY_ACROSS_FILESYSTEM not set).
[2024-02-03T21:54:21.457Z] > git init [503ms]
[2024-02-03T21:54:22.138Z] > git rev-parse --show-toplevel [12ms]
[2024-02-03T21:54:22.149Z] > git rev-parse --git-dir --git-common-dir [5ms]
[2024-02-03T21:54:22.154Z] [info] Open repository: /home/labsuser
[2024-02-03T21:54:22.230Z] > git status -z -uall [69ms]
[2024-02-03T21:54:22.252Z] > git symbolic-ref --short HEAD [15ms]
[2024-02-03T21:54:22.271Z] > git for-each-ref --format=%(refname)%00%(upstream:short)%00%(objectname)%00%(upstream:track)%00%(upstream:remotename)%00%(upstream:remoteref) refs/heads/master refs/remotes/master [13ms]
[2024-02-03T21:54:22.289Z] > git remote --verbose [9ms]
[2024-02-03T21:54:22.294Z] > git for-each-ref --sort -committerdate --format %(refname) %(objectname) %(*objectname) [18ms]
[2024-02-03T21:54:22.317Z] > git config --get commit.template [6ms]
[2024-02-03T21:54:22.351Z] > git status -z -uall [29ms]
[2024-02-03T21:54:22.374Z] > git symbolic-ref --short HEAD [17ms]
[2024-02-03T21:54:22.388Z] > git for-each-ref --format=%(refname)%00%(upstream:short)%00%(objectname)%00%(upstream:track)%00%(upstream:remotename)%00%(upstream:remoteref) refs/heads/master refs/remotes/master [8ms]
[2024-02-03T21:54:22.449Z] > git remote --verbose [52ms]
[2024-02-03T21:54:22.449Z] > git for-each-ref --sort -committerdate --format %(refname) %(objectname) %(*objectname) [56ms]
[2024-02-03T21:54:22.468Z] > git config --get commit.template [5ms]
[2024-02-03T21:54:23.132Z] > git show --textconv :WordCounts.py [10ms]
[2024-02-03T21:54:23.137Z] > git ls-files --stage -- /home/labsuser/WordCounts.py [10ms]
[2024-02-03T21:54:23.197Z] > git check-ignore -v -z --stdin [8ms]
[2024-02-03T21:54:24.711Z] > git status -z -uall [29ms]
[2024-02-03T21:54:24.725Z] > git symbolic-ref --short HEAD [8ms]
[2024-02-03T21:54:24.738Z] > git for-each-ref --format=%(refname)%00%(upstream:short)%00%(objectname)%00%(upstream:track)%00%(upstream:remotename)%00%(upstream:remoteref) refs/heads/master refs/remotes/master [8ms]
[2024-02-03T21:54:24.752Z] > git for-each-ref --sort -committerdate --format %(refname) %(objectname) %(*objectname) [10ms]
[2024-02-03T21:54:24.757Z] > git remote --verbose [11ms]
[2024-02-03T21:54:24.772Z] > git config --get commit.template [5ms]
[2024-02-03T21:54:29.810Z] > git status -z -uall [30ms]
[2024-02-03T21:54:29.824Z] > git symbolic-ref --short HEAD [8ms]
[2024-02-03T21:54:29.838Z] > git for-each-ref --format=%(refname)%00%(upstream:short)%00%(objectname)%00%(upstream:track)%00%(upstream:remotename)%00%(upstream:remoteref) refs/heads/master refs/remotes/master [9ms]
[2024-02-03T21:54:29.852Z] > git for-each-ref --sort -committerdate --format %(refname) %(objectname) %(*objectname) [9ms]
[2024-02-03T21:54:29.857Z] > git remote --verbose [10ms]
[2024-02-03T21:54:29.870Z] > git config --get commit.template [5ms]
[2024-02-03T21:54:30.218Z] > git show --textconv HEAD:What_Is_data_science.txt [11ms]
[2024-02-03T21:54:30.224Z] > git ls-tree -l HEAD -- /home/labsuser/What_Is_data_science.txt [12ms]
[2024-02-03T21:54:30.224Z] fatal: Not a valid object name HEAD
[2024-02-03T21:54:30.556Z] > git show --textconv :WordCounts.py [8ms]
[2024-02-03T21:54:30.561Z] > git ls-files --stage -- /home/labsuser/WordCounts.py [8ms]
[2024-02-03T21:54:35.723Z] > git status -z -uall [39ms]
[2024-02-03T21:54:35.763Z] > git symbolic-ref --short HEAD [33ms]
[2024-02-03T21:54:35.778Z] > git for-each-ref --format=%(refname)%00%(upstream:short)%00%(objectname)%00%(upstream:track)%00%(upstream:remotename)%00%(upstream:remoteref) refs/heads/master refs/remotes/master [9ms]
[2024-02-03T21:54:35.793Z] > git for-each-ref --sort -committerdate --format %(refname) %(objectname) %(*objectname) [10ms]
[2024-02-03T21:54:35.798Z] > git remote --verbose [11ms]
[2024-02-03T21:54:35.813Z] > git config --get commit.template [6ms]
